2019-04-16 12:56:05 - /var/www/nodejs_flg_framework/core/db/mysql/AbstractInstallService.js(run) >> "this.query.forEach is not a function"
2019-04-16 12:53:32 - /var/www/nodejs_flg_framework/core/db/mysql/AbstractInstallService.js(run) >> "this.query.forEach is not a function"
2019-04-16 12:41:04 - /var/www/nodejs_flg_framework/core/db/mysql/DbService.js(getFiles) >> "The "path" argument must be one of type string, Buffer, or URL. Received type undefined"
2019-04-16 12:40:41 - /var/www/nodejs_flg_framework/core/db/mysql/DbService.js(getFiles) >> "The "path" argument must be one of type string, Buffer, or URL. Received type undefined"
2019-04-16 12:38:37 - /var/www/nodejs_flg_framework/core/model/InstallFileStatus.js(insert) >> "ER_BAD_NULL_ERROR: Column 'type' cannot be null"
2019-04-16 12:37:35 - /var/www/nodejs_flg_framework/core/model/InstallFileStatus.js(insert) >> "ER_BAD_NULL_ERROR: Column 'type' cannot be null"
2019-04-16 12:37:35 - /var/www/nodejs_flg_framework/core/model/InstallFileStatus.js(insert) >> "ER_BAD_NULL_ERROR: Column 'type' cannot be null"
2019-04-16 12:37:07 - /var/www/nodejs_flg_framework/core/model/InstallFileStatus.js(insert) >> "ER_BAD_NULL_ERROR: Column 'type' cannot be null"
2019-04-16 12:37:07 - /var/www/nodejs_flg_framework/core/model/InstallFileStatus.js(insert) >> "ER_BAD_NULL_ERROR: Column 'type' cannot be null"
2019-04-16 12:34:33 - /var/www/nodejs_flg_framework/core/model/InstallFileStatus.js(insert) >> "ER_BAD_NULL_ERROR: Column 'type' cannot be null"
2019-04-16 11:36:00 - /var/www/nodejs_flg_framework/core/db/mysql/AbstractInstallService.js(run) >> "ER_TABLE_EXISTS_ERROR: Table 'test_table_1' already exists"
2019-04-16 11:31:53 - /var/www/nodejs_flg_framework/core/db/mysql/AbstractInstallService.js(run) >> "ER_TABLE_EXISTS_ERROR: Table 'test_table_1' already exists"
2019-04-16 11:31:11 - /var/www/nodejs_flg_framework/core/db/mysql/AbstractInstallService.js(run) >> "ER_TABLE_EXISTS_ERROR: Table 'test_table_1' already exists"
2019-04-16 11:18:49 - /var/www/nodejs_flg_framework/core/model/InstallFileStatus.js(updateToFinished) >> "ER_BAD_FIELD_ERROR: Unknown column 'finished' in 'field list'"
2019-04-16 11:18:49 - /var/www/nodejs_flg_framework/core/model/InstallFileStatus.js(updateToFinished) >> "ER_BAD_FIELD_ERROR: Unknown column 'finished' in 'field list'"
2019-04-16 11:18:00 - /var/www/nodejs_flg_framework/core/model/InstallFileStatus.js(updateToFinished) >> "data is not defined"
2019-04-16 11:18:00 - /var/www/nodejs_flg_framework/core/model/InstallFileStatus.js(updateToFinished) >> "data is not defined"
2019-04-10 14:51:47 - ./install/db/mysql/someFile3.js(run) >> "Cannot read property 'runQuery' of undefined"
2019-04-05 13:57:13 - ./install/db/mysql/someFile1.js(run) >> "ER_TABLE_EXISTS_ERROR: Table 'MyGuests2' already exists"
2019-04-05 13:56:37 - ./install/db/mysql/someFile1.js(run) >> "ER_TABLE_EXISTS_ERROR: Table 'MyGuests2' already exists"
2019-04-05 13:54:35 - ./install/db/mysql/someFile1.js(run) >> "ER_TABLE_EXISTS_ERROR: Table 'MyGuests2' already exists"
2019-04-05 13:52:35 - ./install/db/mysql/someFile1.js(run) >> "ER_TABLE_EXISTS_ERROR: Table 'MyGuests2' already exists"
2019-04-05 13:25:19 - ./install/db/mysql/someFile3.js(run) >> "ER_NO_SUCH_TABLE: Table 'flg_framework.install_file_status' doesn't exist"
2019-04-05 13:24:41 - ./install/db/mysql/someFile3.js(run) >> "ER_NO_SUCH_TABLE: Table 'flg_framework.install_file_status' doesn't exist"
var/www/nodejs_flg' at line 5"
2019-04-05 13:24:41 - ./install/db/mysql/someFile3.js(run) >> "ER_NO_SUCH_TABLE: Table 'flg_framework.install_file_status' doesn't exist"
